---------------------------------------------------------------------------------------------------------------
      name:  <unnamed>
       log:  M:\_FDZ\sozioökonomische_Daten\dokumentation\extern\codebook.log
  log type:  text
 opened on:  15 Dec 2016, 10:12:16

. set more off

. codebook

---------------------------------------------------------------------------------------------------------------
r1_id                                                                                                     R1_ID
---------------------------------------------------------------------------------------------------------------

                  type:  string (str9)

         unique values:  221,817                  missing "":  0/1,296,689

              examples:  "4184_3227"
                         "4275_2744"
                         "4371_3100"
                         "4482_3045"

---------------------------------------------------------------------------------------------------------------
r1_mba_a_haeuser                                                                               R1_MBA_A_Haeuser
---------------------------------------------------------------------------------------------------------------

                  type:  numeric (int)

                 range:  [1,2830]                     units:  1
         unique values:  1,616                    missing .:  0/1,296,689

                  mean:    89.023
              std. dev:   169.013

           percentiles:        10%       25%       50%       75%       90%
                                 2         5        20        85       265

---------------------------------------------------------------------------------------------------------------
r1_mba_a_haushalt                                                                             R1_MBA_A_Haushalt
---------------------------------------------------------------------------------------------------------------

                  type:  numeric (int)

                 range:  [0,15328]                    units:  1
         unique values:  6,734                    missing .:  0/1,296,689

                  mean:   187.777
              std. dev:   539.615

           percentiles:        10%       25%       50%       75%       90%
                                 2         6        26       122       455

---------------------------------------------------------------------------------------------------------------
r1_mba_a_gewerbe                                                                               R1_MBA_A_Gewerbe
---------------------------------------------------------------------------------------------------------------

                  type:  numeric (int)

                 range:  [0,9708]                     units:  1
         unique values:  2,009                    missing .:  0/1,296,689

                  mean:   26.0243
              std. dev:   92.4122

           percentiles:        10%       25%       50%       75%       90%
                                 0         1         4        17        60

---------------------------------------------------------------------------------------------------------------
r1_mba_a_wohngeb                                                                               R1_MBA_A_Wohngeb
---------------------------------------------------------------------------------------------------------------

                  type:  numeric (int)

                 range:  [0,2798]                     units:  1
         unique values:  1,600                    missing .:  0/1,296,689

                  mean:     87.63
              std. dev:   166.944

           percentiles:        10%       25%       50%       75%       90%
                                 2         5        19        84       261

---------------------------------------------------------------------------------------------------------------
r1_mpi_w_dichte                                                                                 R1_MPI_W_Dichte
---------------------------------------------------------------------------------------------------------------

                  type:  numeric (double)

                 range:  [0,7.483]                    units:  .0001
         unique values:  46,098                   missing .:  11,415/1,296,689

                  mean:   1.31127
              std. dev:   .346558

           percentiles:        10%       25%       50%       75%       90%
                             .8951    1.1089    1.3093    1.5116    1.7222

---------------------------------------------------------------------------------------------------------------
r1_mpm_p_audi                                                                                     R1_MPM_P_Audi
---------------------------------------------------------------------------------------------------------------

                  type:  numeric (double)

                 range:  [0,58.26]                    units:  .01
         unique values:  6,482                    missing .:  11,415/1,296,689

                  mean:   6.55884
              std. dev:   3.80208

           percentiles:        10%       25%       50%       75%       90%
                              2.47      4.24      6.08      8.27     11.05

---------------------------------------------------------------------------------------------------------------
r1_mpm_p_bmw                                                                                       R1_MPM_P_BMW
---------------------------------------------------------------------------------------------------------------

                  type:  numeric (double)

                 range:  [0,86.33]                    units:  .01
         unique values:  6,377                    missing .:  11,415/1,296,689

                  mean:   5.62923
              std. dev:   3.86696

           percentiles:        10%       25%       50%       75%       90%
                              1.28      3.06      5.12      7.48     10.28

---------------------------------------------------------------------------------------------------------------
r1_mpm_p_fiat                                                                                     R1_MPM_P_Fiat
---------------------------------------------------------------------------------------------------------------

                  type:  numeric (double)

                 range:  [0,54.02]                    units:  .01
         unique values:  4,640                    missing .:  11,415/1,296,689

                  mean:   2.86798
              std. dev:   2.42617

           percentiles:        10%       25%       50%       75%       90%
                               .17      1.27      2.46      3.89      5.66

---------------------------------------------------------------------------------------------------------------
r1_mpm_p_ford                                                                                     R1_MPM_P_Ford
---------------------------------------------------------------------------------------------------------------

                  type:  numeric (double)

                 range:  [0,100]                      units:  .01
         unique values:  7,614                    missing .:  11,415/1,296,689

                  mean:   8.05126
              std. dev:    4.5065

           percentiles:        10%       25%       50%       75%       90%
                               3.3      5.16      7.37     10.07     13.48

---------------------------------------------------------------------------------------------------------------
r1_mpm_p_mazda                                                                                   R1_MPM_P_Mazda
---------------------------------------------------------------------------------------------------------------

                  type:  numeric (double)

                 range:  [0,41.67]                    units:  .01
         unique values:  4,288                    missing .:  11,415/1,296,689

                  mean:   1.85185
              std. dev:   1.99172

           percentiles:        10%       25%       50%       75%       90%
                                 0       .49      1.45      2.54         4

---------------------------------------------------------------------------------------------------------------
r1_mpm_p_mercedes                                                                             R1_MPM_P_Mercedes
---------------------------------------------------------------------------------------------------------------

                  type:  numeric (double)

                 range:  [0,100]                      units:  .01
         unique values:  7,449                    missing .:  11,415/1,296,689

                  mean:    8.1561
              std. dev:   5.08406

           percentiles:        10%       25%       50%       75%       90%
                              2.17      4.64      7.71     10.83     14.37

---------------------------------------------------------------------------------------------------------------
r1_mpm_p_nissan                                                                                 R1_MPM_P_Nissan
---------------------------------------------------------------------------------------------------------------

                  type:  numeric (double)

                 range:  [0,59.91]                    units:  .01
         unique values:  4,292                    missing .:  11,415/1,296,689

                  mean:   1.92453
              std. dev:   2.13335

           percentiles:        10%       25%       50%       75%       90%
                                 0       .51      1.41       2.6      4.29

---------------------------------------------------------------------------------------------------------------
r1_mpm_p_opel                                                                                     R1_MPM_P_Opel
---------------------------------------------------------------------------------------------------------------

                  type:  numeric (double)

                 range:  [0,100]                      units:  .01
         unique values:  9,551                    missing .:  11,415/1,296,689

                  mean:   13.0703
              std. dev:   5.94957

           percentiles:        10%       25%       50%       75%       90%
                              6.65      9.17     12.21     15.98     20.48

---------------------------------------------------------------------------------------------------------------
r1_mpm_p_peugeot                                                                               R1_MPM_P_Peugeot
---------------------------------------------------------------------------------------------------------------

                  type:  numeric (double)

                 range:  [0,68.61]                    units:  .01
         unique values:  6,064                    missing .:  11,415/1,296,689

                  mean:   4.02595
              std. dev:   3.35747

           percentiles:        10%       25%       50%       75%       90%
                               .57      1.87      3.39      5.32      7.87

---------------------------------------------------------------------------------------------------------------
r1_mpm_p_renault                                                                               R1_MPM_P_Renault
---------------------------------------------------------------------------------------------------------------

                  type:  numeric (double)

                 range:  [0,80.89]                    units:  .01
         unique values:  6,113                    missing .:  11,415/1,296,689

                  mean:   4.64921
              std. dev:   3.39954

           percentiles:        10%       25%       50%       75%       90%
                              1.14      2.44      4.06      6.09      8.62

---------------------------------------------------------------------------------------------------------------
r1_mpm_p_sonasien                                                                             R1_MPM_P_SonAsien
---------------------------------------------------------------------------------------------------------------

                  type:  numeric (double)

                 range:  [0,67.14]                    units:  .01
         unique values:  7,449                    missing .:  11,415/1,296,689

                  mean:   6.40983
              std. dev:   4.53689

           percentiles:        10%       25%       50%       75%       90%
                              1.89       3.4      5.48       8.3     11.95

---------------------------------------------------------------------------------------------------------------
r1_mpm_p_sonmarke                                                                             R1_MPM_P_SonMarke
---------------------------------------------------------------------------------------------------------------

                  type:  numeric (double)

                 range:  [0,89.44]                    units:  .01
         unique values:  7,611                    missing .:  11,415/1,296,689

                  mean:   10.4082
              std. dev:     5.154

           percentiles:        10%       25%       50%       75%       90%
                              4.48      6.92      9.86     13.15      16.9

---------------------------------------------------------------------------------------------------------------
r1_mpm_p_toyota                                                                                 R1_MPM_P_Toyota
---------------------------------------------------------------------------------------------------------------

                  type:  numeric (double)

                 range:  [0,58.76]                    units:  .01
         unique values:  5,452                    missing .:  11,415/1,296,689

                  mean:   2.85421
              std. dev:   2.82942

           percentiles:        10%       25%       50%       75%       90%
                                 0       .96       2.3      3.88      6.01

---------------------------------------------------------------------------------------------------------------
r1_mpm_p_vw                                                                                         R1_MPM_P_VW
---------------------------------------------------------------------------------------------------------------

                  type:  numeric (double)

                 range:  [0,100]                      units:  .01
         unique values:  12,703                   missing .:  11,415/1,296,689

                  mean:   23.5298
              std. dev:   7.76882

           percentiles:        10%       25%       50%       75%       90%
                             14.82     18.48     22.72     27.74     33.22

---------------------------------------------------------------------------------------------------------------
r1_mps_p_cabrio                                                                                 R1_MPS_P_Cabrio
---------------------------------------------------------------------------------------------------------------

                  type:  numeric (double)

                 range:  [0,75.96]                    units:  .01
         unique values:  4,352                    missing .:  11,415/1,296,689

                  mean:   2.80332
              std. dev:   2.61589

           percentiles:        10%       25%       50%       75%       90%
                                 0       .78       2.3      4.11       6.1

---------------------------------------------------------------------------------------------------------------
r1_mps_p_gelaende                                                                             R1_MPS_P_Gelaende
---------------------------------------------------------------------------------------------------------------

                  type:  numeric (double)

                 range:  [0,78.65]                    units:  .01
         unique values:  7,158                    missing .:  11,415/1,296,689

                  mean:    6.3726
              std. dev:   5.42609

           percentiles:        10%       25%       50%       75%       90%
                               .66      2.64      5.15      8.72     13.28

---------------------------------------------------------------------------------------------------------------
r1_mps_p_kleinwag                                                                             R1_MPS_P_Kleinwag
---------------------------------------------------------------------------------------------------------------

                  type:  numeric (double)

                 range:  [0,88.64]                    units:  .01
         unique values:  9,510                    missing .:  11,415/1,296,689

                  mean:   19.4647
              std. dev:   5.62989

           percentiles:        10%       25%       50%       75%       90%
                             12.87     16.01     19.18     22.57     26.33

---------------------------------------------------------------------------------------------------------------
r1_mps_p_kombi                                                                                   R1_MPS_P_Kombi
---------------------------------------------------------------------------------------------------------------

                  type:  numeric (double)

                 range:  [0,98.45]                    units:  .01
         unique values:  8,336                    missing .:  11,415/1,296,689

                  mean:   10.5297
              std. dev:   5.91084

           percentiles:        10%       25%       50%       75%       90%
                              4.35       6.7      9.43     13.41     18.18

---------------------------------------------------------------------------------------------------------------
r1_mps_p_miniwag                                                                               R1_MPS_P_Miniwag
---------------------------------------------------------------------------------------------------------------

                  type:  numeric (double)

                 range:  [0,53.03]                    units:  .01
         unique values:  4,812                    missing .:  11,415/1,296,689

                  mean:   5.03736
              std. dev:   2.83758

           percentiles:        10%       25%       50%       75%       90%
                              1.71      3.21      4.84      6.55       8.4

---------------------------------------------------------------------------------------------------------------
r1_mps_p_mittel                                                                                 R1_MPS_P_Mittel
---------------------------------------------------------------------------------------------------------------

                  type:  numeric (double)

                 range:  [0,70.21]                    units:  .01
         unique values:  7,723                    missing .:  11,415/1,296,689

                  mean:   13.4044
              std. dev:   5.08681

           percentiles:        10%       25%       50%       75%       90%
                              6.94      9.81     13.29     16.47     19.68

---------------------------------------------------------------------------------------------------------------
r1_mps_p_obmittel                                                                             R1_MPS_P_ObMittel
---------------------------------------------------------------------------------------------------------------

                  type:  numeric (double)

                 range:  [0,100]                      units:  .01
         unique values:  4,540                    missing .:  11,415/1,296,689

                  mean:   3.97701
              std. dev:   2.68816

           percentiles:        10%       25%       50%       75%       90%
                              1.04      2.12      3.58      5.33      7.26

---------------------------------------------------------------------------------------------------------------
r1_mps_p_ober                                                                                     R1_MPS_P_Ober
---------------------------------------------------------------------------------------------------------------

                  type:  numeric (double)

                 range:  [0,100]                      units:  .01
         unique values:  2,762                    missing .:  11,415/1,296,689

                  mean:   .502493
              std. dev:   1.09392

           percentiles:        10%       25%       50%       75%       90%
                                 0         0       .06       .61      1.41

---------------------------------------------------------------------------------------------------------------
r1_mps_p_sonsegme                                                                             R1_MPS_P_SonSegme
---------------------------------------------------------------------------------------------------------------

                  type:  numeric (double)

                 range:  [0,94.43]                    units:  .01
         unique values:  8,031                    missing .:  11,415/1,296,689

                  mean:   3.76828
              std. dev:   5.24734

           percentiles:        10%       25%       50%       75%       90%
                                 0       .65      2.22      4.64      8.88

---------------------------------------------------------------------------------------------------------------
r1_mps_p_unmittel                                                                             R1_MPS_P_UnMittel
---------------------------------------------------------------------------------------------------------------

                  type:  numeric (double)

                 range:  [0,100]                      units:  .01
         unique values:  10,172                   missing .:  11,415/1,296,689

                  mean:   22.7723
              std. dev:   5.85711

           percentiles:        10%       25%       50%       75%       90%
                                16     19.18     22.37     25.93        30

---------------------------------------------------------------------------------------------------------------
r1_mps_p_utility                                                                               R1_MPS_P_Utility
---------------------------------------------------------------------------------------------------------------

                  type:  numeric (double)

                 range:  [0,75.84]                    units:  .01
         unique values:  5,412                    missing .:  11,415/1,296,689

                  mean:   3.72665
              std. dev:   3.23473

           percentiles:        10%       25%       50%       75%       90%
                               .08      1.59      3.15      5.05      7.56

---------------------------------------------------------------------------------------------------------------
r1_mps_p_van                                                                                       R1_MPS_P_Van
---------------------------------------------------------------------------------------------------------------

                  type:  numeric (double)

                 range:  [0,64.98]                    units:  .01
         unique values:  6,107                    missing .:  11,415/1,296,689

                  mean:   7.63111
              std. dev:   3.99189

           percentiles:        10%       25%       50%       75%       90%
                              2.93      5.01      7.38      9.79     12.48

---------------------------------------------------------------------------------------------------------------
r1_kkr_w_summe                                                                                   R1_KKR_W_Summe
---------------------------------------------------------------------------------------------------------------

                  type:  numeric (long)

                 range:  [0,7.785e+08]                units:  1
         unique values:  1,049,419                missing .:  7,085/1,296,689

                  mean:   7.7e+06
              std. dev:   2.1e+07

           percentiles:        10%       25%       50%       75%       90%
                             81814    257365   1.1e+06   5.2e+06   1.9e+07

---------------------------------------------------------------------------------------------------------------
r1_mbe_p_haustyp_1                                                                           R1_MBE_P_Haustyp_1
---------------------------------------------------------------------------------------------------------------

                  type:  numeric (double)

                 range:  [0,100]                      units:  .01
         unique values:  18,134                   missing .:  11,415/1,296,689

                  mean:   45.4458
              std. dev:   37.3331

           percentiles:        10%       25%       50%       75%       90%
                                 0       8.7     39.53     82.73       100

---------------------------------------------------------------------------------------------------------------
r1_mbe_p_haustyp_2                                                                           R1_MBE_P_Haustyp_2
---------------------------------------------------------------------------------------------------------------

                  type:  numeric (double)

                 range:  [0,100]                      units:  .01
         unique values:  15,043                   missing .:  11,415/1,296,689

                  mean:   25.8971
              std. dev:   26.8294

           percentiles:        10%       25%       50%       75%       90%
                                 0         0     21.43        40      62.5

---------------------------------------------------------------------------------------------------------------
r1_mbe_p_haustyp_3                                                                           R1_MBE_P_Haustyp_3
---------------------------------------------------------------------------------------------------------------

                  type:  numeric (double)

                 range:  [0,100]                      units:  .01
         unique values:  10,344                   missing .:  11,415/1,296,689

                  mean:   16.2075
              std. dev:   17.6781

           percentiles:        10%       25%       50%       75%       90%
                                 0         0     14.29     24.73     35.71

---------------------------------------------------------------------------------------------------------------
r1_mbe_p_haustyp_4                                                                           R1_MBE_P_Haustyp_4
---------------------------------------------------------------------------------------------------------------

                  type:  numeric (double)

                 range:  [0,100]                      units:  .01
         unique values:  11,149                   missing .:  11,415/1,296,689

                  mean:   4.88021
              std. dev:   10.4568

           percentiles:        10%       25%       50%       75%       90%
                                 0         0         0      5.56     17.52

---------------------------------------------------------------------------------------------------------------
r1_mbe_p_haustyp_5                                                                           R1_MBE_P_Haustyp_5
---------------------------------------------------------------------------------------------------------------

                  type:  numeric (double)

                 range:  [0,100]                      units:  .01
         unique values:  10,837                   missing .:  11,415/1,296,689

                  mean:   2.27287
              std. dev:   7.23684

           percentiles:        10%       25%       50%       75%       90%
                                 0         0         0         0      7.62

---------------------------------------------------------------------------------------------------------------
r1_mbe_p_haustyp_6                                                                           R1_MBE_P_Haustyp_6
---------------------------------------------------------------------------------------------------------------

                  type:  numeric (double)

                 range:  [0,100]                      units:  .01
         unique values:  10,188                   missing .:  11,415/1,296,689

                  mean:   .910077
              std. dev:   5.14554

           percentiles:        10%       25%       50%       75%       90%
                                 0         0         0         0         0

---------------------------------------------------------------------------------------------------------------
r1_mbe_p_haustyp_7                                                                           R1_MBE_P_Haustyp_7
---------------------------------------------------------------------------------------------------------------

                  type:  numeric (double)

                 range:  [0,100]                      units:  .01
         unique values:  6,444                    missing .:  11,415/1,296,689

                  mean:    4.3864
              std. dev:   13.1695

           percentiles:        10%       25%       50%       75%       90%
                                 0         0         0      2.86      9.02

---------------------------------------------------------------------------------------------------------------
r1_mso_p_ausland                                                                               R1_MSO_P_Ausland
---------------------------------------------------------------------------------------------------------------

                  type:  numeric (double)

                 range:  [0,100]                      units:  .01
         unique values:  12,820                   missing .:  11,415/1,296,689

                  mean:   3.85065
              std. dev:     7.942

           percentiles:        10%       25%       50%       75%       90%
                                 0         0       .64      4.53     10.82

---------------------------------------------------------------------------------------------------------------
r1_mso_p_singles                                                                               R1_MSO_P_Singles
---------------------------------------------------------------------------------------------------------------

                  type:  numeric (double)

                 range:  [0,100]                      units:  .01
         unique values:  17,930                   missing .:  0/1,296,689

                  mean:   23.2528
              std. dev:   25.7443

           percentiles:        10%       25%       50%       75%       90%
                                 0         0     16.67     35.29     58.33

---------------------------------------------------------------------------------------------------------------
r1_mso_p_paare                                                                                   R1_MSO_P_Paare
---------------------------------------------------------------------------------------------------------------

                  type:  numeric (double)

                 range:  [0,100]                      units:  .01
         unique values:  17,213                   missing .:  0/1,296,689

                  mean:   35.4721
              std. dev:   28.5154

           percentiles:        10%       25%       50%       75%       90%
                                 0      13.6     31.46        50     78.57

---------------------------------------------------------------------------------------------------------------
r1_mso_p_familien                                                                             R1_MSO_P_Familien
---------------------------------------------------------------------------------------------------------------

                  type:  numeric (double)

                 range:  [0,100]                      units:  .01
         unique values:  17,248                   missing .:  0/1,296,689

                  mean:   40.3948
              std. dev:   30.0706

           percentiles:        10%       25%       50%       75%       90%
                                 0      16.4     38.38        60     86.21

---------------------------------------------------------------------------------------------------------------
r1_mso_w_kinder                                                                                 R1_MSO_W_Kinder
---------------------------------------------------------------------------------------------------------------

                  type:  numeric (double)

                 range:  [0,17.7673]                  units:  .0001
         unique values:  27,091                   missing .:  11,415/1,296,689

                  mean:    .33542
              std. dev:   .191349

           percentiles:        10%       25%       50%       75%       90%
                             .1463     .2267     .3068     .4073     .5492

---------------------------------------------------------------------------------------------------------------
r1_alq_p_quote                                                                                   R1_ALQ_P_Quote
---------------------------------------------------------------------------------------------------------------

                  type:  numeric (double)

                 range:  [0,44.08]                    units:  .01
         unique values:  5,254                    missing .:  11,417/1,296,689

                  mean:   5.81259
              std. dev:   4.34757

           percentiles:        10%       25%       50%       75%       90%
                              1.24      2.72      4.82      7.96     11.89

---------------------------------------------------------------------------------------------------------------
r1_met_p_deutschl                                                                             R1_MET_P_Deutschl
---------------------------------------------------------------------------------------------------------------

                  type:  numeric (double)

                 range:  [0,100]                      units:  .01
         unique values:  5,936                    missing .:  11,692/1,296,689

                  mean:   96.5859
              std. dev:   3.11253

           percentiles:        10%       25%       50%       75%       90%
                             93.37     95.95      97.4     98.31        99

---------------------------------------------------------------------------------------------------------------
r1_met_p_italien                                                                               R1_MET_P_Italien
---------------------------------------------------------------------------------------------------------------

                  type:  numeric (double)

                 range:  [0,33.33]                    units:  .01
         unique values:  1,505                    missing .:  11,692/1,296,689

                  mean:   .489071
              std. dev:   .642471

           percentiles:        10%       25%       50%       75%       90%
                                 0       .07       .34       .66      1.12

---------------------------------------------------------------------------------------------------------------
r1_met_p_tuerkei                                                                               R1_MET_P_Tuerkei
---------------------------------------------------------------------------------------------------------------

                  type:  numeric (double)

                 range:  [0,61.73]                    units:  .01
         unique values:  3,949                    missing .:  11,692/1,296,689

                  mean:   .710707
              std. dev:   1.64027

           percentiles:        10%       25%       50%       75%       90%
                                 0         0       .17       .67      1.94

---------------------------------------------------------------------------------------------------------------
r1_met_p_griechen                                                                             R1_MET_P_Griechen
---------------------------------------------------------------------------------------------------------------

                  type:  numeric (double)

                 range:  [0,33.33]                    units:  .01
         unique values:  1,000                    missing .:  11,692/1,296,689

                  mean:   .244727
              std. dev:   .358049

           percentiles:        10%       25%       50%       75%       90%
                                 0         0       .16       .35       .58

---------------------------------------------------------------------------------------------------------------
r1_met_p_spanport                                                                             R1_MET_P_SpanPort
---------------------------------------------------------------------------------------------------------------

                  type:  numeric (double)

                 range:  [0,16.66]                    units:  .01
         unique values:  723                      missing .:  11,692/1,296,689

                  mean:    .13302
              std. dev:   .244436

           percentiles:        10%       25%       50%       75%       90%
                                 0         0       .02       .19       .37

---------------------------------------------------------------------------------------------------------------
r1_met_p_balkan                                                                                 R1_MET_P_Balkan
---------------------------------------------------------------------------------------------------------------

                  type:  numeric (double)

                 range:  [0,50]                       units:  .01
         unique values:  1,468                    missing .:  11,692/1,296,689

                  mean:   .354841
              std. dev:   .558799

           percentiles:        10%       25%       50%       75%       90%
                                 0         0       .19       .48       .89

---------------------------------------------------------------------------------------------------------------
r1_met_p_osteurop                                                                             R1_MET_P_Osteurop
---------------------------------------------------------------------------------------------------------------

                  type:  numeric (double)

                 range:  [0,100]                      units:  .01
         unique values:  1,107                    missing .:  11,692/1,296,689

                  mean:    .34738
              std. dev:   .497207

           percentiles:        10%       25%       50%       75%       90%
                                 0         0       .24       .49       .83

---------------------------------------------------------------------------------------------------------------
r1_met_p_afrika                                                                                 R1_MET_P_Afrika
---------------------------------------------------------------------------------------------------------------

                  type:  numeric (double)

                 range:  [0,19.44]                    units:  .01
         unique values:  466                      missing .:  11,692/1,296,689

                  mean:   .046339
              std. dev:   .121628

           percentiles:        10%       25%       50%       75%       90%
                                 0         0         0       .04       .15

---------------------------------------------------------------------------------------------------------------
r1_met_p_islam                                                                                   R1_MET_P_Islam
---------------------------------------------------------------------------------------------------------------

                  type:  numeric (double)

                 range:  [0,6.31]                     units:  .01
         unique values:  568                      missing .:  11,692/1,296,689

                  mean:   .063974
              std. dev:   .155906

           percentiles:        10%       25%       50%       75%       90%
                                 0         0         0       .07       .21

---------------------------------------------------------------------------------------------------------------
r1_met_p_asien                                                                                   R1_MET_P_Asien
---------------------------------------------------------------------------------------------------------------

                  type:  numeric (double)

                 range:  [0,25]                       units:  .01
         unique values:  378                      missing .:  11,692/1,296,689

                  mean:   .029844
              std. dev:   .125604

           percentiles:        10%       25%       50%       75%       90%
                                 0         0         0         0        .1

---------------------------------------------------------------------------------------------------------------
r1_met_p_uebrige                                                                               R1_MET_P_Uebrige
---------------------------------------------------------------------------------------------------------------

                  type:  numeric (double)

                 range:  [0,100]                      units:  .01
         unique values:  1,471                    missing .:  11,692/1,296,689

                  mean:   .815647
              std. dev:   .750293

           percentiles:        10%       25%       50%       75%       90%
                               .04       .41       .73      1.07      1.48

---------------------------------------------------------------------------------------------------------------
r1_met_p_spaetaus                                                                             R1_MET_P_Spaetaus
---------------------------------------------------------------------------------------------------------------

                  type:  numeric (double)

                 range:  [0,20]                       units:  .01
         unique values:  793                      missing .:  11,692/1,296,689

                  mean:   .148647
              std. dev:   .298228

           percentiles:        10%       25%       50%       75%       90%
                                 0         0         0       .19       .44

---------------------------------------------------------------------------------------------------------------
r1_mri_p_risiko_1                                                                             R1_MRI_P_Risiko_1
---------------------------------------------------------------------------------------------------------------

                  type:  numeric (double)

                 range:  [0,100]                      units:  .01
         unique values:  14,394                   missing .:  11,415/1,296,689

                  mean:    22.153
              std. dev:   29.9781

           percentiles:        10%       25%       50%       75%       90%
                                 0         0      9.02     32.26        75

---------------------------------------------------------------------------------------------------------------
r1_mri_p_risiko_2                                                                             R1_MRI_P_Risiko_2
---------------------------------------------------------------------------------------------------------------

                  type:  numeric (double)

                 range:  [0,100]                      units:  .01
         unique values:  12,611                   missing .:  11,415/1,296,689

                  mean:   13.7491
              std. dev:   21.5342

           percentiles:        10%       25%       50%       75%       90%
                                 0         0      4.01     19.18        40

---------------------------------------------------------------------------------------------------------------
r1_mri_p_risiko_3                                                                             R1_MRI_P_Risiko_3
---------------------------------------------------------------------------------------------------------------

                  type:  numeric (double)

                 range:  [0,100]                      units:  .01
         unique values:  11,329                   missing .:  11,415/1,296,689

                  mean:    12.189
              std. dev:   19.3117

           percentiles:        10%       25%       50%       75%       90%
                                 0         0      4.33     16.73     33.33

---------------------------------------------------------------------------------------------------------------
r1_mri_p_risiko_4                                                                             R1_MRI_P_Risiko_4
---------------------------------------------------------------------------------------------------------------

                  type:  numeric (double)

                 range:  [0,100]                      units:  .01
         unique values:  10,154                   missing .:  11,415/1,296,689

                  mean:   10.9573
              std. dev:   17.9019

           percentiles:        10%       25%       50%       75%       90%
                                 0         0      3.94     14.95      28.9

---------------------------------------------------------------------------------------------------------------
r1_mri_p_risiko_5                                                                             R1_MRI_P_Risiko_5
---------------------------------------------------------------------------------------------------------------

                  type:  numeric (double)

                 range:  [0,100]                      units:  .01
         unique values:  9,375                    missing .:  11,415/1,296,689

                  mean:   10.0437
              std. dev:    17.181

           percentiles:        10%       25%       50%       75%       90%
                                 0         0      3.13     13.46     25.81

---------------------------------------------------------------------------------------------------------------
r1_mri_p_risiko_6                                                                             R1_MRI_P_Risiko_6
---------------------------------------------------------------------------------------------------------------

                  type:  numeric (double)

                 range:  [0,100]                      units:  .01
         unique values:  8,584                    missing .:  11,415/1,296,689

                  mean:   9.20392
              std. dev:   16.6139

           percentiles:        10%       25%       50%       75%       90%
                                 0         0      1.57     12.26     23.68

---------------------------------------------------------------------------------------------------------------
r1_mri_p_risiko_7                                                                             R1_MRI_P_Risiko_7
---------------------------------------------------------------------------------------------------------------

                  type:  numeric (double)

                 range:  [0,100]                      units:  .01
         unique values:  8,551                    missing .:  11,415/1,296,689

                  mean:   8.24423
              std. dev:   16.0333

           percentiles:        10%       25%       50%       75%       90%
                                 0         0         0     10.81     21.54

---------------------------------------------------------------------------------------------------------------
r1_mri_p_risiko_8                                                                             R1_MRI_P_Risiko_8
---------------------------------------------------------------------------------------------------------------

                  type:  numeric (double)

                 range:  [0,100]                      units:  .01
         unique values:  8,943                    missing .:  11,415/1,296,689

                  mean:     7.251
              std. dev:   15.5115

           percentiles:        10%       25%       50%       75%       90%
                                 0         0         0      8.63     20.27

---------------------------------------------------------------------------------------------------------------
r1_mri_p_risiko_9                                                                             R1_MRI_P_Risiko_9
---------------------------------------------------------------------------------------------------------------

                  type:  numeric (double)

                 range:  [0,100]                      units:  .01
         unique values:  12,427                   missing .:  11,415/1,296,689

                  mean:   6.20868
              std. dev:   15.7053

           percentiles:        10%       25%       50%       75%       90%
                                 0         0         0      4.91     18.07

---------------------------------------------------------------------------------------------------------------
r1_ewa_a_gesamt                                                                                 R1_EWA_A_Gesamt
---------------------------------------------------------------------------------------------------------------

                  type:  numeric (int)

                 range:  [0,26947]                    units:  1
         unique values:  10,449                   missing .:  176/1,296,689

                  mean:   376.981
              std. dev:   1006.71

           percentiles:        10%       25%       50%       75%       90%
                                 4        14        57       268       947

---------------------------------------------------------------------------------------------------------------
r1_eag_p_m00bis03                                                                                   (unlabeled)
---------------------------------------------------------------------------------------------------------------

                  type:  numeric (double)

                 range:  [0,100]                      units:  .01
         unique values:  1,023                    missing .:  11,415/1,296,689

                  mean:   1.24735
              std. dev:   .496202

           percentiles:        10%       25%       50%       75%       90%
                               .85      1.06      1.25      1.43      1.63

---------------------------------------------------------------------------------------------------------------
r1_eag_p_m03bis06                                                                                   (unlabeled)
---------------------------------------------------------------------------------------------------------------

                  type:  numeric (double)

                 range:  [0,57.06]                    units:  .01
         unique values:  1,039                    missing .:  11,415/1,296,689

                  mean:   1.34889
              std. dev:   .455998

           percentiles:        10%       25%       50%       75%       90%
                               .93      1.15      1.34      1.54      1.78

---------------------------------------------------------------------------------------------------------------
r1_eag_p_m06bis10                                                                                   (unlabeled)
---------------------------------------------------------------------------------------------------------------

                  type:  numeric (double)

                 range:  [0,50]                       units:  .01
         unique values:  1,188                    missing .:  11,415/1,296,689

                  mean:   1.96816
              std. dev:    .56509

           percentiles:        10%       25%       50%       75%       90%
                              1.35      1.66      1.97      2.28      2.59

---------------------------------------------------------------------------------------------------------------
r1_eag_p_m10bis15                                                                                   (unlabeled)
---------------------------------------------------------------------------------------------------------------

                  type:  numeric (double)

                 range:  [0,50]                       units:  .01
         unique values:  1,439                    missing .:  11,415/1,296,689

                  mean:   2.73409
              std. dev:   .755173

           percentiles:        10%       25%       50%       75%       90%
                              1.79      2.29       2.8       3.2      3.57

---------------------------------------------------------------------------------------------------------------
r1_eag_p_m15bis18                                                                                   (unlabeled)
---------------------------------------------------------------------------------------------------------------

                  type:  numeric (double)

                 range:  [0,50]                       units:  .01
         unique values:  1,133                    missing .:  11,415/1,296,689

                  mean:   1.74719
              std. dev:    .56613

           percentiles:        10%       25%       50%       75%       90%
                              1.02      1.45      1.79      2.06      2.33

---------------------------------------------------------------------------------------------------------------
r1_eag_p_m18bis20                                                                                   (unlabeled)
---------------------------------------------------------------------------------------------------------------

                  type:  numeric (double)

                 range:  [0,50]                       units:  .01
         unique values:  1,011                    missing .:  11,415/1,296,689

                  mean:   1.20083
              std. dev:   .422764

           percentiles:        10%       25%       50%       75%       90%
                               .74         1       1.2       1.4      1.61

---------------------------------------------------------------------------------------------------------------
r1_eag_p_m20bis25                                                                                   (unlabeled)
---------------------------------------------------------------------------------------------------------------

                  type:  numeric (double)

                 range:  [0,100]                      units:  .01
         unique values:  1,763                    missing .:  11,415/1,296,689

                  mean:   2.87321
              std. dev:   .784789

           percentiles:        10%       25%       50%       75%       90%
                              2.05      2.44      2.84      3.26      3.69

---------------------------------------------------------------------------------------------------------------
r1_eag_p_m25bis30                                                                                   (unlabeled)
---------------------------------------------------------------------------------------------------------------

                  type:  numeric (double)

                 range:  [0,25.88]                    units:  .01
         unique values:  1,698                    missing .:  11,415/1,296,689

                  mean:   2.66591
              std. dev:   .741253

           percentiles:        10%       25%       50%       75%       90%
                              1.88      2.24      2.62      3.03      3.47

---------------------------------------------------------------------------------------------------------------
r1_eag_p_m30bis35                                                                                   (unlabeled)
---------------------------------------------------------------------------------------------------------------

                  type:  numeric (double)

                 range:  [0,66.67]                    units:  .01
         unique values:  1,532                    missing .:  11,415/1,296,689

                  mean:   2.75431
              std. dev:   .691563

           percentiles:        10%       25%       50%       75%       90%
                              2.05      2.38      2.72      3.09       3.5

---------------------------------------------------------------------------------------------------------------
r1_eag_p_m35bis40                                                                                   (unlabeled)
---------------------------------------------------------------------------------------------------------------

                  type:  numeric (double)

                 range:  [0,50]                       units:  .01
         unique values:  1,823                    missing .:  11,415/1,296,689

                  mean:   3.25079
              std. dev:   .896814

           percentiles:        10%       25%       50%       75%       90%
                              2.36      2.72      3.14      3.68      4.33

---------------------------------------------------------------------------------------------------------------
r1_eag_p_m40bis45                                                                                   (unlabeled)
---------------------------------------------------------------------------------------------------------------

                  type:  numeric (double)

                 range:  [0,100]                      units:  .01
         unique values:  2,281                    missing .:  11,415/1,296,689

                  mean:   4.22297
              std. dev:   1.08469

           percentiles:        10%       25%       50%       75%       90%
                              3.27       3.7      4.18      4.66      5.16

---------------------------------------------------------------------------------------------------------------
r1_eag_p_m45bis50                                                                                   (unlabeled)
---------------------------------------------------------------------------------------------------------------

                  type:  numeric (double)

                 range:  [0,100]                      units:  .01
         unique values:  2,243                    missing .:  11,415/1,296,689

                  mean:   4.51411
              std. dev:    1.0111

           percentiles:        10%       25%       50%       75%       90%
                              3.63      4.02      4.44       4.9      5.43

---------------------------------------------------------------------------------------------------------------
r1_eag_p_m50bis55                                                                                   (unlabeled)
---------------------------------------------------------------------------------------------------------------

                  type:  numeric (double)

                 range:  [0,100]                      units:  .01
         unique values:  2,003                    missing .:  11,415/1,296,689

                  mean:   4.09111
              std. dev:   .956069

           percentiles:        10%       25%       50%       75%       90%
                              3.15      3.54         4      4.52      5.12

---------------------------------------------------------------------------------------------------------------
r1_eag_p_m55bis60                                                                                   (unlabeled)
---------------------------------------------------------------------------------------------------------------

                  type:  numeric (double)

                 range:  [0,52.38]                    units:  .01
         unique values:  1,943                    missing .:  11,415/1,296,689

                  mean:   3.42364
              std. dev:    .98781

           percentiles:        10%       25%       50%       75%       90%
                              2.41      2.84      3.34      3.91      4.55

---------------------------------------------------------------------------------------------------------------
r1_eag_p_m60bis65                                                                                   (unlabeled)
---------------------------------------------------------------------------------------------------------------

                  type:  numeric (double)

                 range:  [0,100]                      units:  .01
         unique values:  1,492                    missing .:  11,415/1,296,689

                  mean:   2.88772
              std. dev:   .772997

           percentiles:        10%       25%       50%       75%       90%
                               2.1      2.45      2.83      3.27      3.76

---------------------------------------------------------------------------------------------------------------
r1_eag_p_m65bis75                                                                                   (unlabeled)
---------------------------------------------------------------------------------------------------------------

                  type:  numeric (double)

                 range:  [0,100]                      units:  .01
         unique values:  2,910                    missing .:  11,415/1,296,689

                  mean:   5.32171
              std. dev:   1.68084

           percentiles:        10%       25%       50%       75%       90%
                              4.08      4.58      5.17      5.87      6.64

---------------------------------------------------------------------------------------------------------------
r1_eag_p_m75undgr                                                                                   (unlabeled)
---------------------------------------------------------------------------------------------------------------

                  type:  numeric (double)

                 range:  [0,100]                      units:  .01
         unique values:  1,939                    missing .:  11,415/1,296,689

                  mean:   3.36727
              std. dev:   1.10728

           percentiles:        10%       25%       50%       75%       90%
                              2.17      2.68      3.29      3.97      4.66

---------------------------------------------------------------------------------------------------------------
r1_eag_p_w00bis03                                                                                   (unlabeled)
---------------------------------------------------------------------------------------------------------------

                  type:  numeric (double)

                 range:  [0,100]                      units:  .01
         unique values:  1,011                    missing .:  11,415/1,296,689

                  mean:   1.18872
              std. dev:   .492769

           percentiles:        10%       25%       50%       75%       90%
                                .8      1.01      1.19      1.37      1.56

---------------------------------------------------------------------------------------------------------------
r1_eag_p_w03bis06                                                                                   (unlabeled)
---------------------------------------------------------------------------------------------------------------

                  type:  numeric (double)

                 range:  [0,80]                       units:  .01
         unique values:  1,026                    missing .:  11,415/1,296,689

                  mean:   1.28228
              std. dev:   .442235

           percentiles:        10%       25%       50%       75%       90%
                               .87      1.09      1.28      1.47      1.69

---------------------------------------------------------------------------------------------------------------
r1_eag_p_w06bis10                                                                                   (unlabeled)
---------------------------------------------------------------------------------------------------------------

                  type:  numeric (double)

                 range:  [0,25]                       units:  .01
         unique values:  1,178                    missing .:  11,415/1,296,689

                  mean:   1.87262
              std. dev:   .550805

           percentiles:        10%       25%       50%       75%       90%
                              1.27      1.57      1.88      2.17      2.47

---------------------------------------------------------------------------------------------------------------
r1_eag_p_w10bis15                                                                                   (unlabeled)
---------------------------------------------------------------------------------------------------------------

                  type:  numeric (double)

                 range:  [0,66.67]                    units:  .01
         unique values:  1,391                    missing .:  11,415/1,296,689

                  mean:   2.59639
              std. dev:   .732667

           percentiles:        10%       25%       50%       75%       90%
                              1.69      2.17      2.65      3.05      3.39

---------------------------------------------------------------------------------------------------------------
r1_eag_p_w15bis18                                                                                   (unlabeled)
---------------------------------------------------------------------------------------------------------------

                  type:  numeric (double)

                 range:  [0,100]                      units:  .01
         unique values:  1,093                    missing .:  11,415/1,296,689

                  mean:   1.64924
              std. dev:   .551366

           percentiles:        10%       25%       50%       75%       90%
                               .95      1.36       1.7      1.95       2.2

---------------------------------------------------------------------------------------------------------------
r1_eag_p_w18bis20                                                                                   (unlabeled)
---------------------------------------------------------------------------------------------------------------

                  type:  numeric (double)

                 range:  [0,15.38]                    units:  .01
         unique values:  927                      missing .:  11,415/1,296,689

                  mean:   1.09861
              std. dev:   .398196

           percentiles:        10%       25%       50%       75%       90%
                               .64       .91      1.12       1.3      1.48

---------------------------------------------------------------------------------------------------------------
r1_eag_p_w20bis25                                                                                   (unlabeled)
---------------------------------------------------------------------------------------------------------------

                  type:  numeric (double)

                 range:  [0,100]                      units:  .01
         unique values:  1,759                    missing .:  11,415/1,296,689

                  mean:   2.51516
              std. dev:    .73231

           percentiles:        10%       25%       50%       75%       90%
                              1.74      2.13      2.51      2.87      3.26

---------------------------------------------------------------------------------------------------------------
r1_eag_p_w25bis30                                                                                   (unlabeled)
---------------------------------------------------------------------------------------------------------------

                  type:  numeric (double)

                 range:  [0,52.94]                    units:  .01
         unique values:  1,631                    missing .:  11,415/1,296,689

                  mean:   2.44741
              std. dev:   .708482

           percentiles:        10%       25%       50%       75%       90%
                              1.72      2.06      2.42      2.78      3.18

---------------------------------------------------------------------------------------------------------------
r1_eag_p_w30bis35                                                                                   (unlabeled)
---------------------------------------------------------------------------------------------------------------

                  type:  numeric (double)

                 range:  [0,47.83]                    units:  .01
         unique values:  1,401                    missing .:  11,415/1,296,689

                  mean:   2.66843
              std. dev:   .648225

           percentiles:        10%       25%       50%       75%       90%
                              1.99      2.33      2.66         3      3.37

---------------------------------------------------------------------------------------------------------------
r1_eag_p_w35bis40                                                                                   (unlabeled)
---------------------------------------------------------------------------------------------------------------

                  type:  numeric (double)

                 range:  [0,66.67]                    units:  .01
         unique values:  1,587                    missing .:  11,415/1,296,689

                  mean:    3.1641
              std. dev:   .851909

           percentiles:        10%       25%       50%       75%       90%
                              2.29      2.66      3.08      3.59      4.18

---------------------------------------------------------------------------------------------------------------
r1_eag_p_w40bis45                                                                                   (unlabeled)
---------------------------------------------------------------------------------------------------------------

                  type:  numeric (double)

                 range:  [0,71.43]                    units:  .01
         unique values:  1,969                    missing .:  11,415/1,296,689

                  mean:   4.04665
              std. dev:   .947541

           percentiles:        10%       25%       50%       75%       90%
                              3.13      3.56      4.03      4.49      4.95

---------------------------------------------------------------------------------------------------------------
r1_eag_p_w45bis50                                                                                   (unlabeled)
---------------------------------------------------------------------------------------------------------------

                  type:  numeric (double)

                 range:  [0,100]                      units:  .01
         unique values:  1,969                    missing .:  11,415/1,296,689

                  mean:   4.29867
              std. dev:   .875206

           percentiles:        10%       25%       50%       75%       90%
                              3.46      3.85      4.27       4.7      5.15

---------------------------------------------------------------------------------------------------------------
r1_eag_p_w50bis55                                                                                   (unlabeled)
---------------------------------------------------------------------------------------------------------------

                  type:  numeric (double)

                 range:  [0,100]                      units:  .01
         unique values:  1,895                    missing .:  11,415/1,296,689

                  mean:   3.92162
              std. dev:   .904537

           percentiles:        10%       25%       50%       75%       90%
                              3.02      3.42      3.86      4.35      4.88

---------------------------------------------------------------------------------------------------------------
r1_eag_p_w55bis60                                                                                   (unlabeled)
---------------------------------------------------------------------------------------------------------------

                  type:  numeric (double)

                 range:  [0,75]                       units:  .01
         unique values:  1,829                    missing .:  11,415/1,296,689

                  mean:   3.30887
              std. dev:   .935611

           percentiles:        10%       25%       50%       75%       90%
                               2.3      2.77      3.27       3.8      4.36

---------------------------------------------------------------------------------------------------------------
r1_eag_p_w60bis65                                                                                   (unlabeled)
---------------------------------------------------------------------------------------------------------------

                  type:  numeric (double)

                 range:  [0,50]                       units:  .01
         unique values:  1,454                    missing .:  11,415/1,296,689

                  mean:   2.86398
              std. dev:    .76952

           percentiles:        10%       25%       50%       75%       90%
                              2.02      2.41      2.83      3.28      3.75

---------------------------------------------------------------------------------------------------------------
r1_eag_p_w65bis75                                                                                   (unlabeled)
---------------------------------------------------------------------------------------------------------------

                  type:  numeric (double)

                 range:  [0,100]                      units:  .01
         unique values:  3,108                    missing .:  11,415/1,296,689

                  mean:   5.84124
              std. dev:    1.8703

           percentiles:        10%       25%       50%       75%       90%
                              4.37      4.94      5.64      6.49      7.41

---------------------------------------------------------------------------------------------------------------
r1_eag_p_w75undgr                                                                                   (unlabeled)
---------------------------------------------------------------------------------------------------------------

                  type:  numeric (double)

                 range:  [0,100]                      units:  .01
         unique values:  3,018                    missing .:  11,415/1,296,689

                  mean:   5.61836
              std. dev:   1.76759

           percentiles:        10%       25%       50%       75%       90%
                              3.77      4.55      5.47      6.51      7.62

---------------------------------------------------------------------------------------------------------------
jahr                                                                                                (unlabeled)
---------------------------------------------------------------------------------------------------------------

                  type:  numeric (int)

                 range:  [2005,2015]                  units:  1
         unique values:  6                        missing .:  0/1,296,689

            tabulation:  Freq.  Value
                       211,597  2005
                       215,191  2009
                       216,524  2010
                       217,506  2011
                       217,348  2012
                       218,523  2015

. log close
      name:  <unnamed>
       log:  M:\_FDZ\sozioökonomische_Daten\dokumentation\extern\codebook.log
  log type:  text
 closed on:  15 Dec 2016, 10:22:36
---------------------------------------------------------------------------------------------------------------
